<?xml version="1.0" encoding="UTF-8"?>
<testsuite name="com.estudos.docker.DockerApplicationTests" tests="1" skipped="0" failures="0" errors="0" timestamp="2023-04-27T23:25:26" hostname="tutu-linux-ubots" time="0.119">
  <properties/>
  <testcase name="contextLoads()" classname="com.estudos.docker.DockerApplicationTests" time="0.119"/>
  <system-out><![CDATA[20:25:21.512 [Test worker] DEBUG org.springframework.test.context.BootstrapUtils - Instantiating CacheAwareContextLoaderDelegate from class [org.springframework.test.context.cache.DefaultCacheAwareContextLoaderDelegate]
20:25:21.522 [Test worker] DEBUG org.springframework.test.context.BootstrapUtils - Instantiating BootstrapContext using constructor [public org.springframework.test.context.support.DefaultBootstrapContext(java.lang.Class,org.springframework.test.context.CacheAwareContextLoaderDelegate)]
20:25:21.559 [Test worker] DEBUG org.springframework.test.context.BootstrapUtils - Instantiating TestContextBootstrapper for test class [com.estudos.docker.DockerApplicationTests] from class [org.springframework.boot.test.context.SpringBootTestContextBootstrapper]
20:25:21.571 [Test worker] INFO org.springframework.boot.test.context.SpringBootTestContextBootstrapper - Neither @ContextConfiguration nor @ContextHierarchy found for test class [com.estudos.docker.DockerApplicationTests], using SpringBootContextLoader
20:25:21.575 [Test worker] DEBUG org.springframework.test.context.support.AbstractContextLoader - Did not detect default resource location for test class [com.estudos.docker.DockerApplicationTests]: class path resource [com/estudos/docker/DockerApplicationTests-context.xml] does not exist
20:25:21.575 [Test worker] DEBUG org.springframework.test.context.support.AbstractContextLoader - Did not detect default resource location for test class [com.estudos.docker.DockerApplicationTests]: class path resource [com/estudos/docker/DockerApplicationTestsContext.groovy] does not exist
20:25:21.575 [Test worker] INFO org.springframework.test.context.support.AbstractContextLoader - Could not detect default resource locations for test class [com.estudos.docker.DockerApplicationTests]: no resource found for suffixes {-context.xml, Context.groovy}.
20:25:21.576 [Test worker] INFO org.springframework.test.context.support.AnnotationConfigContextLoaderUtils - Could not detect default configuration classes for test class [com.estudos.docker.DockerApplicationTests]: DockerApplicationTests does not declare any static, non-private, non-final, nested classes annotated with @Configuration.
20:25:21.608 [Test worker] DEBUG org.springframework.test.context.support.ActiveProfilesUtils - Could not find an 'annotation declaring class' for annotation type [org.springframework.test.context.ActiveProfiles] and class [com.estudos.docker.DockerApplicationTests]
20:25:21.678 [Test worker] DEBUG org.springframework.context.annotation.ClassPathScanningCandidateComponentProvider - Identified candidate component class: file [/home/tutu-ubuntu/Documentos/Programacao/Pessoal/docker-compose/build/classes/java/main/com/estudos/docker/DockerApplication.class]
20:25:21.680 [Test worker] INFO org.springframework.boot.test.context.SpringBootTestContextBootstrapper - Found @SpringBootConfiguration com.estudos.docker.DockerApplication for test class com.estudos.docker.DockerApplicationTests
20:25:21.780 [Test worker] DEBUG org.springframework.boot.test.context.SpringBootTestContextBootstrapper - @TestExecutionListeners is not present for class [com.estudos.docker.DockerApplicationTests]: using defaults.
20:25:21.781 [Test worker] INFO org.springframework.boot.test.context.SpringBootTestContextBootstrapper - Loaded default TestExecutionListener class names from location [META-INF/spring.factories]: [org.springframework.boot.test.autoconfigure.restdocs.RestDocsTestExecutionListener, org.springframework.boot.test.autoconfigure.web.client.MockRestServiceServerResetTestExecutionListener, org.springframework.boot.test.autoconfigure.web.servlet.MockMvcPrintOnlyOnFailureTestExecutionListener, org.springframework.boot.test.autoconfigure.web.servlet.WebDriverTestExecutionListener, org.springframework.boot.test.autoconfigure.webservices.client.MockWebServiceServerTestExecutionListener, org.springframework.boot.test.mock.mockito.MockitoTestExecutionListener, org.springframework.boot.test.mock.mockito.ResetMocksTestExecutionListener, org.springframework.test.context.web.ServletTestExecutionListener, org.springframework.test.context.support.DirtiesContextBeforeModesTestExecutionListener, org.springframework.test.context.event.ApplicationEventsTestExecutionListener, org.springframework.test.context.support.DependencyInjectionTestExecutionListener, org.springframework.test.context.support.DirtiesContextTestExecutionListener, org.springframework.test.context.transaction.TransactionalTestExecutionListener, org.springframework.test.context.jdbc.SqlScriptsTestExecutionListener, org.springframework.test.context.event.EventPublishingTestExecutionListener]
20:25:21.796 [Test worker] INFO org.springframework.boot.test.context.SpringBootTestContextBootstrapper - Using TestExecutionListeners: [org.springframework.test.context.web.ServletTestExecutionListener@2c07545f, org.springframework.test.context.support.DirtiesContextBeforeModesTestExecutionListener@e57b96d, org.springframework.test.context.event.ApplicationEventsTestExecutionListener@32c726ee, org.springframework.boot.test.mock.mockito.MockitoTestExecutionListener@22f31dec, org.springframework.boot.test.autoconfigure.SpringBootDependencyInjectionTestExecutionListener@34c01041, org.springframework.test.context.support.DirtiesContextTestExecutionListener@76f4b65, org.springframework.test.context.transaction.TransactionalTestExecutionListener@c94fd30, org.springframework.test.context.jdbc.SqlScriptsTestExecutionListener@36328d33, org.springframework.test.context.event.EventPublishingTestExecutionListener@2c4d1ac, org.springframework.boot.test.autoconfigure.restdocs.RestDocsTestExecutionListener@7f0d96f2, org.springframework.boot.test.autoconfigure.web.client.MockRestServiceServerResetTestExecutionListener@545b995e, org.springframework.boot.test.autoconfigure.web.servlet.MockMvcPrintOnlyOnFailureTestExecutionListener@76a2ddf3, org.springframework.boot.test.autoconfigure.web.servlet.WebDriverTestExecutionListener@524f3b3a, org.springframework.boot.test.autoconfigure.webservices.client.MockWebServiceServerTestExecutionListener@41e68d87, org.springframework.boot.test.mock.mockito.ResetMocksTestExecutionListener@49ff7d8c]
20:25:21.801 [Test worker] DEBUG org.springframework.test.context.support.AbstractDirtiesContextTestExecutionListener - Before test class: context [DefaultTestContext@528c868 testClass = DockerApplicationTests, testInstance = [null], testMethod = [null], testException = [null], mergedContextConfiguration = [WebMergedContextConfiguration@466276d8 testClass = DockerApplicationTests, locations = '{}', classes = '{class com.estudos.docker.DockerApplication}', contextInitializerClasses = '[]', activeProfiles = '{}', propertySourceLocations = '{}', propertySourceProperties = '{org.springframework.boot.test.context.SpringBootTestContextBootstrapper=true}', contextCustomizers = set[org.springframework.boot.test.autoconfigure.actuate.metrics.MetricsExportContextCustomizerFactory$DisableMetricExportContextCustomizer@2cb4893b, org.springframework.boot.test.autoconfigure.properties.PropertyMappingContextCustomizer@0, org.springframework.boot.test.autoconfigure.web.servlet.WebDriverContextCustomizerFactory$Customizer@6c284af, org.springframework.boot.test.context.filter.ExcludeFilterContextCustomizer@7c137fd5, org.springframework.boot.test.json.DuplicateJsonObjectContextCustomizerFactory$DuplicateJsonObjectContextCustomizer@2b40ff9c, org.springframework.boot.test.mock.mockito.MockitoContextCustomizer@0, org.springframework.boot.test.web.client.TestRestTemplateContextCustomizer@7ae0a9ec, org.springframework.boot.test.context.SpringBootTestArgs@1, org.springframework.boot.test.context.SpringBootTestWebEnvironment@43301423], resourceBasePath = 'src/main/webapp', contextLoader = 'org.springframework.boot.test.context.SpringBootContextLoader', parent = [null]], attributes = map['org.springframework.test.context.web.ServletTestExecutionListener.activateListener' -> true]], class annotated with @DirtiesContext [false] with mode [null].

  .   ____          _            __ _ _
 /\\ / ___'_ __ _ _(_)_ __  __ _ \ \ \ \
( ( )\___ | '_ | '_| | '_ \/ _` | \ \ \ \
 \\/  ___)| |_)| | | | | || (_| |  ) ) ) )
  '  |____| .__|_| |_|_| |_\__, | / / / /
 =========|_|==============|___/=/_/_/_/
 :: Spring Boot ::               (v2.7.11)

2023-04-27 20:25:22.122  INFO 96420 --- [    Test worker] c.estudos.docker.DockerApplicationTests  : Starting DockerApplicationTests using Java 1.8.0_362 on tutu-linux-ubots with PID 96420 (started by tutu-ubuntu in /home/tutu-ubuntu/Documentos/Programacao/Pessoal/docker-compose)
2023-04-27 20:25:22.124  INFO 96420 --- [    Test worker] c.estudos.docker.DockerApplicationTests  : No active profile set, falling back to 1 default profile: "default"
2023-04-27 20:25:22.891  INFO 96420 --- [    Test worker] .s.d.r.c.RepositoryConfigurationDelegate : Bootstrapping Spring Data JPA repositories in DEFAULT mode.
2023-04-27 20:25:22.960  INFO 96420 --- [    Test worker] .s.d.r.c.RepositoryConfigurationDelegate : Finished Spring Data repository scanning in 57 ms. Found 1 JPA repository interfaces.
2023-04-27 20:25:23.699  INFO 96420 --- [    Test worker] o.hibernate.jpa.internal.util.LogHelper  : HHH000204: Processing PersistenceUnitInfo [name: default]
2023-04-27 20:25:23.820  INFO 96420 --- [    Test worker] org.hibernate.Version                    : HHH000412: Hibernate ORM core version 5.6.15.Final
2023-04-27 20:25:23.975  INFO 96420 --- [    Test worker] o.hibernate.annotations.common.Version   : HCANN000001: Hibernate Commons Annotations {5.1.2.Final}
2023-04-27 20:25:24.094  INFO 96420 --- [    Test worker] com.zaxxer.hikari.HikariDataSource       : HikariPool-1 - Starting...
2023-04-27 20:25:24.203  INFO 96420 --- [    Test worker] com.zaxxer.hikari.HikariDataSource       : HikariPool-1 - Start completed.
2023-04-27 20:25:24.227  INFO 96420 --- [    Test worker] org.hibernate.dialect.Dialect            : HHH000400: Using dialect: org.hibernate.dialect.PostgreSQLDialect
2023-04-27 20:25:24.818  INFO 96420 --- [    Test worker] o.h.e.t.j.p.i.JtaPlatformInitiator       : HHH000490: Using JtaPlatform implementation: [org.hibernate.engine.transaction.jta.platform.internal.NoJtaPlatform]
2023-04-27 20:25:24.827  INFO 96420 --- [    Test worker] j.LocalContainerEntityManagerFactoryBean : Initialized JPA EntityManagerFactory for persistence unit 'default'
2023-04-27 20:25:25.437  WARN 96420 --- [    Test worker] JpaBaseConfiguration$JpaWebConfiguration : spring.jpa.open-in-view is enabled by default. Therefore, database queries may be performed during view rendering. Explicitly configure spring.jpa.open-in-view to disable this warning
2023-04-27 20:25:26.106  INFO 96420 --- [    Test worker] c.estudos.docker.DockerApplicationTests  : Started DockerApplicationTests in 4.272 seconds (JVM running for 5.278)
]]></system-out>
  <system-err><![CDATA[]]></system-err>
</testsuite>
